INFO:etl.extract.extract:Data extraction successful for csv!
INFO:etl.extract.extract:Extracted 1058221 rows and 9 columns
INFO:etl.extract.extract:Execution time: 1.211 seconds
INFO:etl.extract.extract:Execution time per row: 0.000001 seconds
INFO:etl.transform.transform:Cleaning complete: 1016869 rows, 9 columns
INFO:etl.extract.extract:Data extraction successful for csv!
INFO:etl.extract.extract:Extracted 1058221 rows and 9 columns
INFO:etl.extract.extract:Execution time: 1.069 seconds
INFO:etl.extract.extract:Execution time per row: 0.000001 seconds
INFO:etl.transform.transform:Cleaning complete: 1016869 rows, 9 columns
INFO:etl.extract.extract:Data extraction successful for csv!
INFO:etl.extract.extract:Extracted 1058221 rows and 9 columns
INFO:etl.extract.extract:Execution time: 1.038 seconds
INFO:etl.extract.extract:Execution time per row: 0.000001 seconds
INFO:etl.transform.transform:Cleaning complete: 1016869 rows, 9 columns
INFO:etl.extract.extract:Data extraction successful for csv!
INFO:etl.extract.extract:Extracted 1058221 rows and 9 columns
INFO:etl.extract.extract:Execution time: 1.057 seconds
INFO:etl.extract.extract:Execution time per row: 0.000001 seconds
INFO:etl.transform.transform:After merge with population: 1016869 rows, 10 cols
INFO:etl.extract.extract:Data extraction successful for csv!
INFO:etl.extract.extract:Extracted 1058221 rows and 9 columns
INFO:etl.extract.extract:Execution time: 1.071 seconds
INFO:etl.extract.extract:Execution time per row: 0.000001 seconds
INFO:etl.extract.extract:Data extraction successful for csv!
INFO:etl.extract.extract:Extracted 1058221 rows and 9 columns
INFO:etl.extract.extract:Execution time: 1.124 seconds
INFO:etl.extract.extract:Execution time per row: 0.000001 seconds
INFO:etl.transform.transform:After merge with population: 1016869 rows, 10 cols
INFO:etl.extract.extract:Data extraction successful for csv!
INFO:etl.extract.extract:Extracted 1058221 rows and 9 columns
INFO:etl.extract.extract:Execution time: 1.110 seconds
INFO:etl.extract.extract:Execution time per row: 0.000001 seconds
INFO:etl.transform.transform:After merge with population: 1016869 rows, 10 cols
INFO:etl.load.load:Wrote 1016869 rows to sales@Postgres
INFO:etl.extract.extract:Data extraction successful for csv!
INFO:etl.extract.extract:Extracted 1058221 rows and 9 columns
INFO:etl.extract.extract:Execution time: 1.054 seconds
INFO:etl.extract.extract:Execution time per row: 0.000001 seconds
INFO:etl.transform.transform:After merge with population: 1016869 rows, 10 cols
INFO:etl.load.load:Wrote 1016869 rows to sales@Postgres
INFO:etl.extract.extract:Data extraction successful for csv!
INFO:etl.extract.extract:Extracted 1058221 rows and 13 columns
INFO:etl.extract.extract:Execution time: 1.383 seconds
INFO:etl.extract.extract:Execution time per row: 0.000001 seconds
INFO:etl.transform.transform:After merge with population: 1026655 rows, 14 cols
INFO:etl.load.load:Wrote 1026655 rows to sales@Postgres
INFO:etl.extract.extract:Data extraction successful for csv!
INFO:etl.extract.extract:Extracted 495973 rows and 14 columns
INFO:etl.extract.extract:Execution time: 0.702 seconds
INFO:etl.extract.extract:Execution time per row: 0.000001 seconds
INFO:etl.transform.transform:After merge with population: 495973 rows, 15 cols
INFO:etl.load.load:Wrote 495973 rows to sales@Postgres
INFO:etl.extract.extract:Data extraction successful for csv!
INFO:etl.extract.extract:Extracted 495973 rows and 14 columns
INFO:etl.extract.extract:Execution time: 0.717 seconds
INFO:etl.extract.extract:Execution time per row: 0.000001 seconds
INFO:etl.transform.transform:After merge with population: 495973 rows, 15 cols
INFO:etl.load.load:Wrote 495973 rows to sales@Postgres
INFO:etl.extract.extract:Data extraction successful for csv!
INFO:etl.extract.extract:Extracted 495973 rows and 14 columns
INFO:etl.extract.extract:Execution time: 0.720 seconds
INFO:etl.extract.extract:Execution time per row: 0.000001 seconds
INFO:etl.transform.transform:After merge with population: 495973 rows, 15 cols
INFO:etl.load.load:Wrote 495973 rows to sales@Postgres
INFO:etl.extract.extract:Data extraction successful for csv!
INFO:etl.extract.extract:Extracted 495973 rows and 14 columns
INFO:etl.extract.extract:Execution time: 0.913 seconds
INFO:etl.extract.extract:Execution time per row: 0.000002 seconds
INFO:etl.transform.transform:After merge with population: 495973 rows, 15 cols
INFO:etl.load.load:Wrote 495973 rows to sales@Postgres
INFO:etl.extract.extract:Data extraction successful for csv!
INFO:etl.extract.extract:Extracted 495973 rows and 14 columns
INFO:etl.extract.extract:Execution time: 0.742 seconds
INFO:etl.extract.extract:Execution time per row: 0.000001 seconds
INFO:etl.transform.transform:After merge with population: 495973 rows, 15 cols
INFO:etl.load.load:Wrote 495973 rows to sales@Postgres
INFO:etl.extract.extract:Data extraction successful for csv!
INFO:etl.extract.extract:Extracted 495973 rows and 14 columns
INFO:etl.extract.extract:Execution time: 0.751 seconds
INFO:etl.extract.extract:Execution time per row: 0.000002 seconds
INFO:root:Extracted raw sales data
INFO:etl.transform.transform:Transformed sales: 495973 rows, 14 cols
INFO:root:Transformed sales data; population DataFrame is ready
INFO:etl.load.load:Wrote 495973 rows to 'sales' @ Postgres
INFO:root:Loaded 'sales' table into Postgres
INFO:etl.load.load:Wrote 6 rows to 'population' @ Postgres
INFO:root:Loaded 'population' table into Postgres
INFO:etl.extract.extract:Data extraction successful for csv!
INFO:etl.extract.extract:Extracted 495973 rows and 14 columns
INFO:etl.extract.extract:Execution time: 0.822 seconds
INFO:etl.extract.extract:Execution time per row: 0.000002 seconds
INFO:root:Extracted raw sales data
INFO:etl.transform.transform:Transformed sales: 495973 rows, 14 columns
INFO:root:Transformed sales data; population DataFrame is ready
INFO:etl.load.load:Wrote 495973 rows to 'sales' @ Postgres
INFO:root:Loaded 'sales' table into Postgres
INFO:etl.load.load:Wrote 288 rows to 'population' @ Postgres
INFO:root:Loaded 'population' table into Postgres
INFO:etl.extract.extract:Data extraction successful for csv!
INFO:etl.extract.extract:Extracted 495973 rows and 14 columns
INFO:etl.extract.extract:Execution time: 0.759 seconds
INFO:etl.extract.extract:Execution time per row: 0.000002 seconds
INFO:root:Extracted raw sales data
INFO:etl.transform.transform:Transformed sales: 495973 rows, 14 cols
INFO:root:Transformed sales data; population DataFrame is ready
INFO:etl.load.load:Wrote 495973 rows to 'sales' @ Postgres
INFO:root:Loaded 'sales' table into Postgres
INFO:etl.load.load:Wrote 288 rows to 'population' @ Postgres
INFO:root:Loaded 'population' table into Postgres
INFO:etl.extract.extract:Data extraction successful for csv!
INFO:etl.extract.extract:Extracted 495973 rows and 14 columns
INFO:etl.extract.extract:Execution time: 0.741 seconds
INFO:etl.extract.extract:Execution time per row: 0.000001 seconds
INFO:root:Extracted raw sales data
INFO:etl.transform.transform:Transformed sales: 495973 rows
INFO:root:Transformed sales data; population DataFrame is ready
INFO:etl.load.load:Wrote 495973 rows to 'sales' @ Postgres
INFO:root:Loaded 'sales' table into Postgres
INFO:etl.load.load:Wrote 288 rows to 'population' @ Postgres
INFO:root:Loaded 'population' table into Postgres
INFO:etl.extract.extract:Data extraction successful for csv!
INFO:etl.extract.extract:Extracted 495973 rows and 14 columns
INFO:etl.extract.extract:Execution time: 0.835 seconds
INFO:etl.extract.extract:Execution time per row: 0.000002 seconds
INFO:root:Extracted raw sales data
INFO:etl.transform.transform:Transformed sales: 495973 rows
INFO:root:Transformed sales data; population DataFrame is ready
INFO:etl.load.load:Wrote 495973 rows to 'sales' @ Postgres
INFO:root:Loaded 'sales' table into Postgres
INFO:etl.load.load:Wrote 288 rows to 'population' @ Postgres
INFO:root:Loaded 'population' table into Postgres
INFO:etl.extract.extract:Data extraction successful for csv!
INFO:etl.extract.extract:Extracted 495973 rows and 14 columns
INFO:etl.extract.extract:Execution time: 0.716 seconds
INFO:etl.extract.extract:Execution time per row: 0.000001 seconds
INFO:root:Extracted raw sales data
INFO:etl.transform.transform:Transformed sales: 495973 rows
INFO:root:Transformed sales data; population DataFrame is ready
INFO:etl.load.load:Wrote 495973 rows to 'sales' @ Postgres
INFO:root:Loaded 'sales' table into Postgres
INFO:etl.load.load:Wrote 288 rows to 'population' @ Postgres
INFO:root:Loaded 'population' table into Postgres
INFO:etl.extract.extract:Data extraction successful for csv!
INFO:etl.extract.extract:Extracted 495973 rows and 14 columns
INFO:etl.extract.extract:Execution time: 0.782 seconds
INFO:etl.extract.extract:Execution time per row: 0.000002 seconds
INFO:root:Extracted raw sales data
INFO:etl.transform.transform:Transformed sales: 495973 rows
INFO:root:Transformed sales data; population DataFrame is ready
INFO:etl.load.load:Wrote 495973 rows to 'sales' @ Postgres
INFO:root:Loaded 'sales' table into Postgres
INFO:etl.load.load:Wrote 24 rows to 'population' @ Postgres
INFO:root:Loaded 'population' table into Postgres
