2025-05-07 14:36:34,307 - __main__ - INFO - Cleaning complete: 1016869 rows, 9 cols
2025-05-08 15:55:58,187 - etl.transform.transform - INFO - Cleaning complete: 1016869 rows, 9 columns
2025-05-08 15:57:14,227 - etl.transform.transform - INFO - Cleaning complete: 1016869 rows, 9 columns
2025-05-08 16:13:00,365 - etl.transform.transform - INFO - Cleaning complete: 1016869 rows, 9 columns
2025-05-08 16:26:54,772 - etl.transform.transform - INFO - After merge with population: 1016869 rows, 10 cols
2025-05-08 16:45:53,749 - etl.transform.transform - INFO - After merge with population: 1016869 rows, 10 cols
2025-05-08 19:21:22,147 - etl.transform.transform - INFO - After merge with population: 1016869 rows, 10 cols
2025-05-08 19:24:42,675 - etl.transform.transform - INFO - After merge with population: 1016869 rows, 10 cols
2025-05-08 19:38:37,853 - etl.transform.transform - INFO - After merge with population: 1026655 rows, 14 cols
2025-05-08 21:01:23,125 - etl.transform.transform - INFO - After merge with population: 495973 rows, 15 cols
2025-05-08 21:12:12,167 - etl.transform.transform - INFO - After merge with population: 495973 rows, 15 cols
2025-05-09 10:18:33,983 - etl.transform.transform - INFO - After merge with population: 495973 rows, 15 cols
2025-05-09 15:02:22,122 - etl.transform.transform - INFO - After merge with population: 495973 rows, 15 cols
2025-05-10 10:15:30,662 - etl.transform.transform - INFO - After merge with population: 495973 rows, 15 cols
2025-05-10 11:46:28,064 - etl.transform.transform - INFO - Transformed sales: 495973 rows, 14 cols
2025-05-10 15:37:17,765 - etl.transform.transform - INFO - Expanded population to monthly: 288 rows
2025-05-10 15:37:20,747 - etl.transform.transform - INFO - Transformed sales: 495973 rows, 14 columns
2025-05-10 16:00:36,172 - etl.transform.transform - INFO - Expanded population to monthly: 288 rows
2025-05-10 16:00:38,671 - etl.transform.transform - INFO - Transformed sales: 495973 rows, 14 cols
2025-05-10 16:04:32,370 - etl.transform.transform - INFO - Expanded population to monthly: 288 rows
2025-05-10 16:04:34,814 - etl.transform.transform - INFO - Transformed sales: 495973 rows
2025-05-10 16:06:43,836 - etl.transform.transform - INFO - Expanded population to monthly: 288 rows
2025-05-10 16:06:46,479 - etl.transform.transform - INFO - Transformed sales: 495973 rows
2025-05-10 16:08:00,297 - etl.transform.transform - INFO - Expanded population to monthly: 288 rows
2025-05-10 16:08:02,640 - etl.transform.transform - INFO - Transformed sales: 495973 rows
2025-05-10 16:09:59,440 - etl.transform.transform - INFO - Loaded population: 24 rows
2025-05-10 16:10:01,952 - etl.transform.transform - INFO - Transformed sales: 495973 rows
2025-05-10 16:13:25,289 - etl.transform.transform - INFO - Transformed sales: 495973 rows
2025-05-10 16:13:25,293 - etl.transform.transform - INFO - Loaded population: 24 rows
2025-05-10 16:27:09,180 - etl.transform.transform - INFO - Transformed sales: 495973 rows
2025-05-10 16:27:09,183 - etl.transform.transform - INFO - Loaded population: 24 rows
2025-05-10 17:18:12,013 - etl.transform.transform - INFO - Transformed sales: 495973 rows
2025-05-10 17:18:12,016 - etl.transform.transform - INFO - Loaded population: 24 rows
2025-05-12 10:40:07,113 - etl.transform.transform - INFO - Transformed sales: 495973 rows
2025-05-12 10:40:07,126 - etl.transform.transform - INFO - Loaded population: 24 rows
2025-05-12 10:58:51,509 - etl.transform.transform - INFO - Transformed sales: 495973 rows
2025-05-12 10:58:51,532 - etl.transform.transform - INFO - Loaded population: 24 rows
2025-05-12 11:02:12,247 - etl.transform.transform - INFO - Transformed sales: 495973 rows
2025-05-12 11:02:12,261 - etl.transform.transform - INFO - Loaded population: 24 rows
2025-05-12 11:04:15,516 - etl.transform.transform - INFO - Transformed sales: 495973 rows
2025-05-12 11:04:15,529 - etl.transform.transform - INFO - Loaded population: 24 rows
2025-05-12 11:09:43,687 - etl.transform.transform - INFO - Transformed sales: 495973 rows
2025-05-12 11:09:43,701 - etl.transform.transform - INFO - Loaded population: 24 rows
2025-05-12 12:51:19,124 - etl.transform.transform - INFO - Transformed sales: 495973 rows
2025-05-12 12:51:19,138 - etl.transform.transform - INFO - Loaded population: 24 rows
2025-05-12 13:06:38,790 - etl.transform.transform - INFO - Transformed sales: 495973 rows
2025-05-12 13:06:38,806 - etl.transform.transform - INFO - Loaded population: 24 rows
2025-05-12 14:24:20,145 - etl.transform.transform - INFO - Transformed sales: 495973 rows
2025-05-12 14:24:20,161 - etl.transform.transform - INFO - Loaded population: 24 rows
